<?xml version="1.0" encoding="UTF-8"?>
<!-- Generated by org.testng.reporters.JUnitXMLReporter -->
<testsuite hostname="DESKTOP-U7QIFE3" ignored="0" name="Backbase Computer Database" tests="5" failures="0" timestamp="14 Feb 2019 19:40:27 GMT" time="9.44" errors="0">
  <testcase name="validateHomePage" time="0.113" classname="com.backbase.computerdb.test.ComputerDataBaseTest"/>
  <testcase name="createComputer" time="1.095" classname="com.backbase.computerdb.test.ComputerDataBaseTest"/>
  <testcase name="editComputer" time="1.641" classname="com.backbase.computerdb.test.ComputerDataBaseTest"/>
  <testcase name="findByName" time="0.7" classname="com.backbase.computerdb.test.ComputerDataBaseTest"/>
  <testcase name="deleteTest" time="1.479" classname="com.backbase.computerdb.test.ComputerDataBaseTest"/>
</testsuite> <!-- Backbase Computer Database -->
